\BOOKMARK [1][-]{section*.1}{\376\377\000A\000b\000s\000t\000r\000a\000c\000t}{}% 1
\BOOKMARK [1][-]{section.1}{\376\377\0001\000\040\000V\000o\000r\000w\000o\000r\000t}{}% 2
\BOOKMARK [1][-]{section.2}{\376\377\0002\000\040\000R\000e\000l\000a\000t\000e\000d\000\040\000W\000o\000r\000k}{}% 3
\BOOKMARK [1][-]{section.3}{\376\377\0003\000\040\000D\000a\000t\000e\000n\000b\000e\000z\000u\000g\000\040\000\374\000b\000e\000r\000\040\000d\000i\000e\000\040\000A\000P\000I}{}% 4
\BOOKMARK [1][-]{section.4}{\376\377\0004\000\040\000I\000n\000t\000e\000r\000p\000o\000l\000a\000t\000i\000o\000n}{}% 5
\BOOKMARK [1][-]{section.5}{\376\377\0005\000\040\000P\000e\000r\000c\000e\000n\000t\000a\000g\000e\000\040\000P\000r\000i\000c\000e\000\040\000O\000s\000c\000i\000l\000l\000a\000t\000o\000r}{}% 6
\BOOKMARK [2][-]{subsection.5.1}{\376\377\0005\000.\0001\000\040\000D\000e\000f\000i\000n\000i\000t\000i\000o\000n}{section.5}% 7
\BOOKMARK [2][-]{subsection.5.2}{\376\377\0005\000.\0002\000\040\000U\000m\000s\000e\000t\000z\000u\000n\000g}{section.5}% 8
\BOOKMARK [2][-]{subsection.5.3}{\376\377\0005\000.\0003\000\040\000D\000u\000r\000c\000h\000f\000\374\000h\000r\000u\000n\000g}{section.5}% 9
\BOOKMARK [1][-]{section.6}{\376\377\0006\000\040\000D\000a\000s\000\040\000N\000E\000O\000-\000I\000n\000d\000i\000k\000a\000t\000o\000r\000s\000y\000s\000t\000e\000m}{}% 10
\BOOKMARK [2][-]{subsection.6.1}{\376\377\0006\000.\0001\000\040\000H\000i\000n\000f\000\374\000h\000r\000u\000n\000g}{section.6}% 11
\BOOKMARK [2][-]{subsection.6.2}{\376\377\0006\000.\0002\000\040\000T\000A\000-\000L\000i\000b}{section.6}% 12
\BOOKMARK [2][-]{subsection.6.3}{\376\377\0006\000.\0003\000\040\000N\000E\000O\000-\000S\000t\000r\000a\000t\000e\000g\000i\000e}{section.6}% 13
\BOOKMARK [2][-]{subsection.6.4}{\376\377\0006\000.\0004\000\040\000A\000n\000w\000e\000n\000d\000u\000n\000g\000\040\000d\000e\000r\000\040\000S\000t\000r\000a\000t\000e\000g\000i\000e}{section.6}% 14
\BOOKMARK [2][-]{subsection.6.5}{\376\377\0006\000.\0005\000\040\000B\000e\000w\000e\000r\000t\000u\000n\000g\000\040\000d\000e\000r\000\040\000N\000E\000O\000-\000S\000t\000r\000a\000t\000e\000g\000i\000e}{section.6}% 15
\BOOKMARK [1][-]{section.7}{\376\377\0007\000\040\000W\000a\000h\000l\000v\000e\000r\000f\000a\000h\000r\000e\000n}{}% 16
\BOOKMARK [1][-]{section.8}{\376\377\0008\000\040\000T\000r\000a\000n\000s\000a\000k\000t\000i\000o\000n\000s\000e\000m\000p\000f\000e\000h\000l\000u\000n\000g}{}% 17
\BOOKMARK [2][-]{subsection.8.1}{\376\377\0008\000.\0001\000\040\000V\000e\000r\000k\000a\000u\000f}{section.8}% 18
\BOOKMARK [2][-]{subsection.8.2}{\376\377\0008\000.\0002\000\040\000K\000a\000u\000f}{section.8}% 19
\BOOKMARK [1][-]{section.9}{\376\377\0009\000\040\000T\000r\000a\000d\000i\000n\000g\000B\000o\000t}{}% 20
\BOOKMARK [2][-]{subsection.9.1}{\376\377\0009\000.\0001\000\040\000R\000e\000c\000h\000e\000r\000c\000h\000e}{section.9}% 21
\BOOKMARK [2][-]{subsection.9.2}{\376\377\0009\000.\0002\000\040\000Z\000i\000e\000l}{section.9}% 22
\BOOKMARK [2][-]{subsection.9.3}{\376\377\0009\000.\0003\000\040\000S\000c\000h\000n\000i\000t\000t\000s\000t\000e\000l\000l\000e}{section.9}% 23
\BOOKMARK [2][-]{subsection.9.4}{\376\377\0009\000.\0004\000\040\000F\000u\000n\000k\000t\000i\000o\000n\000a\000l\000i\000t\000\344\000t}{section.9}% 24
\BOOKMARK [2][-]{subsection.9.5}{\376\377\0009\000.\0005\000\040\000V\000o\000r\000-\000\040\000u\000n\000d\000\040\000N\000a\000c\000h\000t\000e\000i\000l\000e}{section.9}% 25
\BOOKMARK [2][-]{subsection.9.6}{\376\377\0009\000.\0006\000\040\000S\000t\000a\000n\000d}{section.9}% 26
\BOOKMARK [1][-]{section*.26}{\376\377\000L\000i\000t\000e\000r\000a\000t\000u\000r}{}% 27
\BOOKMARK [1][-]{section*.27}{\376\377\000A\000b\000b\000i\000l\000d\000u\000n\000g\000s\000v\000e\000r\000z\000e\000i\000c\000h\000n\000i\000s}{}% 28
\BOOKMARK [1][-]{section*.28}{\376\377\000T\000a\000b\000e\000l\000l\000e\000n\000v\000e\000r\000z\000e\000i\000c\000h\000n\000i\000s}{}% 29
